
> black-jack-angular@0.0.0 start
> ng serve

❯ Building...
✔ Building...
Initial chunk files | Names         | Raw size
styles.css          | styles        | 25.15 kB |
main.js             | main          |  2.68 kB |
polyfills.js        | polyfills     | 95 bytes |

                    | Initial total | 27.93 kB

Lazy chunk files    | Names         | Raw size
chunk-4AJDZDKM.js   | Main-Page     | 79.59 kB |
chunk-HGIB2VUO.js   | Online-page   |  1.89 kB |
chunk-HI5MDSDJ.js   | Player-vs-Pc  |  1.66 kB |
chunk-VVHBLRD2.js   | PvP-page      |  1.59 kB |

Application bundle generation complete. [5.266 seconds] - 2025-12-14T01:21:53.072Z

Watch mode enabled. Watching for file changes...
NOTE: Raw file sizes do not reflect development server per-request transformations.
  ➜  Local:   http://localhost:4200/
❯ Changes detected. Rebuilding...
✔ Changes detected. Rebuilding...
Initial chunk files | Names     | Raw size
main.js             | main      |  2.68 kB |

Lazy chunk files    | Names     | Raw size
chunk-BVTPGGEW.js   | Main-Page | 79.91 kB |

Application bundle generation complete. [0.463 seconds] - 2025-12-14T01:22:31.515Z

Page reload sent to client(s).
❯ Changes detected. Rebuilding...
✔ Changes detected. Rebuilding...
Initial chunk files | Names     | Raw size
main.js             | main      |  2.68 kB |

Lazy chunk files    | Names     | Raw size
chunk-UUDFC6V2.js   | Main-Page | 80.08 kB |

Application bundle generation complete. [0.255 seconds] - 2025-12-14T01:22:38.695Z

Page reload sent to client(s).
❯ Changes detected. Rebuilding...
✔ Changes detected. Rebuilding...
Initial chunk files | Names         | Raw size
styles.css          | styles        | 25.15 kB |
main.js             | main          |  2.68 kB |
polyfills.js        | polyfills     | 95 bytes |

                    | Initial total | 27.93 kB

Lazy chunk files    | Names         | Raw size
chunk-UUDFC6V2.js   | Main-Page     | 80.08 kB |
chunk-HGIB2VUO.js   | Online-page   |  1.89 kB |
chunk-HI5MDSDJ.js   | Player-vs-Pc  |  1.66 kB |
chunk-VVHBLRD2.js   | PvP-page      |  1.59 kB |

Application bundle generation complete. [0.083 seconds] - 2025-12-14T01:23:17.355Z
