
> black-jack-angular@0.0.0 start
> ng serve

❯ Building...
✔ Building...
Application bundle generation failed. [2.706 seconds] - 2025-12-14T01:46:53.565Z

[31m✘ [41;31m[[41;97mERROR[41;31m][0m [1mTS2339: Property 'toDataURL' does not exist on type 'CanvasRenderingContext2D'.[0m [1m[35m[plugin angular-compiler][0m

    src/app/Black-jack/components/auth/register-form/register-form.ts:88:28:
[37m      88 │                 resolve(ctx.[32mtoDataURL[37m('image/jpeg', quality));
         ╵                             [32m~~~~~~~~~[0m


Watch mode enabled. Watching for file changes...
❯ Changes detected. Rebuilding...
✔ Changes detected. Rebuilding...
Initial chunk files | Names         | Raw size
styles.css          | styles        | 25.48 kB |
main.js             | main          |  2.68 kB |
polyfills.js        | polyfills     | 95 bytes |

                    | Initial total | 28.25 kB

Lazy chunk files    | Names         | Raw size
chunk-2WYP6SNF.js   | Main-Page     | 82.05 kB |
chunk-HGIB2VUO.js   | Online-page   |  1.89 kB |
chunk-HI5MDSDJ.js   | Player-vs-Pc  |  1.66 kB |
chunk-VVHBLRD2.js   | PvP-page      |  1.59 kB |

Application bundle generation complete. [0.693 seconds] - 2025-12-14T01:47:52.166Z

NOTE: Raw file sizes do not reflect development server per-request transformations.
  ➜  Local:   http://localhost:4200/
❯ Changes detected. Rebuilding...
✔ Changes detected. Rebuilding...
Initial chunk files | Names  | Raw size
styles.css          | styles | 25.91 kB |

Application bundle generation complete. [0.084 seconds] - 2025-12-14T01:49:22.590Z

Stylesheet update sent to client(s).
❯ Changes detected. Rebuilding...
✔ Changes detected. Rebuilding...
Initial chunk files | Names  | Raw size
styles.css          | styles | 25.95 kB |

Application bundle generation complete. [0.064 seconds] - 2025-12-14T01:50:28.569Z

Stylesheet update sent to client(s).
❯ Changes detected. Rebuilding...
✔ Changes detected. Rebuilding...
Initial chunk files | Names         | Raw size
styles.css          | styles        | 25.95 kB |
main.js             | main          |  2.68 kB |
polyfills.js        | polyfills     | 95 bytes |

                    | Initial total | 28.73 kB

Lazy chunk files    | Names         | Raw size
chunk-2WYP6SNF.js   | Main-Page     | 82.05 kB |
chunk-HGIB2VUO.js   | Online-page   |  1.89 kB |
chunk-HI5MDSDJ.js   | Player-vs-Pc  |  1.66 kB |
chunk-VVHBLRD2.js   | PvP-page      |  1.59 kB |

Application bundle generation complete. [0.045 seconds] - 2025-12-14T01:51:01.193Z

❯ Changes detected. Rebuilding...
✔ Changes detected. Rebuilding...
Initial chunk files | Names         | Raw size
styles.css          | styles        | 25.95 kB |
main.js             | main          |  2.68 kB |
polyfills.js        | polyfills     | 95 bytes |

                    | Initial total | 28.73 kB

Lazy chunk files    | Names         | Raw size
chunk-2WYP6SNF.js   | Main-Page     | 82.05 kB |
chunk-HGIB2VUO.js   | Online-page   |  1.89 kB |
chunk-HI5MDSDJ.js   | Player-vs-Pc  |  1.66 kB |
chunk-VVHBLRD2.js   | PvP-page      |  1.59 kB |

Application bundle generation complete. [0.070 seconds] - 2025-12-14T01:51:33.262Z

❯ Changes detected. Rebuilding...
✔ Changes detected. Rebuilding...
Initial chunk files | Names         | Raw size
styles.css          | styles        | 25.95 kB |
main.js             | main          |  2.68 kB |
polyfills.js        | polyfills     | 95 bytes |

                    | Initial total | 28.73 kB

Lazy chunk files    | Names         | Raw size
chunk-2WYP6SNF.js   | Main-Page     | 82.05 kB |
chunk-HGIB2VUO.js   | Online-page   |  1.89 kB |
chunk-HI5MDSDJ.js   | Player-vs-Pc  |  1.66 kB |
chunk-VVHBLRD2.js   | PvP-page      |  1.59 kB |

Application bundle generation complete. [0.042 seconds] - 2025-12-14T01:52:11.341Z

fatal error: all goroutines are asleep - deadlock!

goroutine 1 [chan receive]:
github.com/evanw/esbuild/internal/helpers.(*ThreadSafeWaitGroup).Wait(...)
	github.com/evanw/esbuild/internal/helpers/waitgroup.go:36
main.runService.func2()
	github.com/evanw/esbuild/cmd/esbuild/service.go:114 +0x51
main.runService(0x1)
	github.com/evanw/esbuild/cmd/esbuild/service.go:160 +0x50c
main.main()
	github.com/evanw/esbuild/cmd/esbuild/main.go:252 +0xb6b

goroutine 7 [chan receive]:
main.runService.func1()
	github.com/evanw/esbuild/cmd/esbuild/service.go:98 +0x45
created by main.runService in goroutine 1
	github.com/evanw/esbuild/cmd/esbuild/service.go:97 +0x1db

goroutine 8 [chan receive]:
main.(*serviceType).sendRequest(0xc00015e360, {0x98ffc0, 0xc0006a29c0})
	github.com/evanw/esbuild/cmd/esbuild/service.go:192 +0x12b
main.runService.func3()
	github.com/evanw/esbuild/cmd/esbuild/service.go:125 +0x3e
created by main.runService in goroutine 1
	github.com/evanw/esbuild/cmd/esbuild/service.go:122 +0x30d
