
> black-jack-angular@0.0.0 start
> ng serve

❯ Building...
✔ Building...
Initial chunk files | Names         |  Raw size
styles.css          | styles        |  35.09 kB |
main.js             | main          |   2.71 kB |
chunk-C4KO2HLL.js   | -             | 614 bytes |
polyfills.js        | polyfills     |  95 bytes |

                    | Initial total |  38.51 kB

Lazy chunk files    | Names         |  Raw size
chunk-WNAH66HQ.js   | Main-Page     |  81.59 kB |
chunk-57AKMKDE.js   | PvP-page      |  35.59 kB |
chunk-DZHJPHGO.js   | Player-vs-Pc  |  29.32 kB |
chunk-22WWHLZD.js   | -             |   4.77 kB |
chunk-KGJWSUNN.js   | Online-page   |   1.92 kB |

Application bundle generation complete. [3.204 seconds] - 2025-12-14T04:25:37.996Z

Watch mode enabled. Watching for file changes...
NOTE: Raw file sizes do not reflect development server per-request transformations.
4:25:38 AM [vite] (client) Re-optimizing dependencies because lockfile has changed
4:25:38 AM [vite] (ssr) Re-optimizing dependencies because lockfile has changed
  ➜  Local:   http://localhost:4200/
