
> black-jack-angular@0.0.0 start
> ng serve

❯ Building...
✔ Building...
Initial chunk files | Names         |  Raw size
styles.css          | styles        |  34.36 kB |
main.js             | main          |   2.71 kB |
chunk-C4KO2HLL.js   | -             | 614 bytes |
polyfills.js        | polyfills     |  95 bytes |

                    | Initial total |  37.78 kB

Lazy chunk files    | Names         |  Raw size
chunk-WNAH66HQ.js   | Main-Page     |  81.59 kB |
chunk-ANB7RTLS.js   | Player-vs-Pc  |  29.71 kB |
chunk-22WWHLZD.js   | -             |   4.77 kB |
chunk-KGJWSUNN.js   | Online-page   |   1.92 kB |
chunk-NPEKMLA7.js   | PvP-page      |   1.63 kB |

Application bundle generation complete. [4.870 seconds] - 2025-12-14T02:49:37.378Z

Watch mode enabled. Watching for file changes...
NOTE: Raw file sizes do not reflect development server per-request transformations.
  ➜  Local:   http://localhost:4200/
❯ Changes detected. Rebuilding...
✔ Changes detected. Rebuilding...
Initial chunk files | Names         |  Raw size
styles.css          | styles        |  34.36 kB |
main.js             | main          |   2.71 kB |
chunk-C4KO2HLL.js   | -             | 614 bytes |
polyfills.js        | polyfills     |  95 bytes |

                    | Initial total |  37.78 kB

Lazy chunk files    | Names         |  Raw size
chunk-WNAH66HQ.js   | Main-Page     |  81.59 kB |
chunk-ANB7RTLS.js   | Player-vs-Pc  |  29.71 kB |
chunk-22WWHLZD.js   | -             |   4.77 kB |
chunk-KGJWSUNN.js   | Online-page   |   1.92 kB |
chunk-NPEKMLA7.js   | PvP-page      |   1.63 kB |

Application bundle generation complete. [0.077 seconds] - 2025-12-14T02:50:16.250Z
